
INFO [2024-03-27T19:15:15.545Z]: Preparing to initialize extension
INFO [2024-03-27T19:15:16.547Z]: Registering flag observer
INFO [2024-03-27T19:15:16.548Z]: Navigating to loading page
INFO [2024-03-27T19:15:16.548Z]: Navigation
INFO [2024-03-27T19:15:16.548Z]: {"page":"/loading"}
INFO [2024-03-27T19:15:16.548Z]: Initializing workspace controller
INFO [2024-03-27T19:15:16.549Z]: Creating URI handler
INFO [2024-03-27T19:15:16.549Z]: Getting auth service props
INFO [2024-03-27T19:15:16.550Z]: Creating auth service
INFO [2024-03-27T19:15:16.550Z]: Setting network auth service
INFO [2024-03-27T19:15:16.551Z]: Creating context store
INFO [2024-03-27T19:15:16.551Z]: Creating engine
INFO [2024-03-27T19:15:16.551Z]: Creating sql db
INFO [2024-03-27T19:15:16.633Z]: Creating vector db
INFO [2024-03-27T19:15:16.633Z]: Creating config manager
INFO [2024-03-27T19:15:16.635Z]: Get languages
INFO [2024-03-27T19:15:16.635Z]: Reading ALL files
INFO [2024-03-27T19:15:16.636Z]: Get Overview
INFO [2024-03-27T19:15:16.636Z]: Creating code parser
INFO [2024-03-27T19:15:16.636Z]: Creating code index
INFO [2024-03-27T19:15:16.636Z]: Creating graphs
INFO [2024-03-27T19:15:16.636Z]: Creating tagger
INFO [2024-03-27T19:15:16.636Z]: Creating semantic
INFO [2024-03-27T19:15:16.636Z]: Creating keyword
INFO [2024-03-27T19:15:16.636Z]: Creating file search
INFO [2024-03-27T19:15:16.636Z]: Initializing engine
INFO [2024-03-27T19:15:16.700Z]: [CodeTagger.init] Initializing
INFO [2024-03-27T19:15:16.701Z]: Initializing history service
INFO [2024-03-27T19:15:16.701Z]: Creating project bot props
INFO [2024-03-27T19:15:16.701Z]: Creating plan service
INFO [2024-03-27T19:15:16.701Z]: Creating terms service
INFO [2024-03-27T19:15:16.701Z]: Creating auth controller
INFO [2024-03-27T19:15:16.701Z]: Initializing auth controller
INFO [2024-03-27T19:15:16.702Z]: Checking auth
INFO [2024-03-27T19:15:18.122Z]: Set User: IsHTDIlK3oWlsiyrKkU0Ww5x1H93
INFO [2024-03-27T19:15:18.148Z]: Creating plan controller
INFO [2024-03-27T19:15:18.148Z]: Initializing plan controller
INFO [2024-03-27T19:15:29.170Z]: Creating status controller
INFO [2024-03-27T19:15:29.171Z]: Creating chat bot
INFO [2024-03-27T19:15:29.175Z]: Creating git service
INFO [2024-03-27T19:15:29.175Z]: Creating user context
INFO [2024-03-27T19:15:29.175Z]: Creating search controller
INFO [2024-03-27T19:15:29.176Z]: Initializing search controller
INFO [2024-03-27T19:15:29.182Z]: Creating index controller
INFO [2024-03-27T19:15:29.182Z]: Initializing index controller
INFO [2024-03-27T19:15:29.183Z]: Creating migrate controller
INFO [2024-03-27T19:15:29.183Z]: Initializing migrate controller
INFO [2024-03-27T19:15:29.183Z]: Creating settings controller
INFO [2024-03-27T19:15:29.183Z]: Initializing settings controller
INFO [2024-03-27T19:15:29.184Z]: Creating navigation controller
INFO [2024-03-27T19:15:29.184Z]: Initializing navigation controller
INFO [2024-03-27T19:15:29.184Z]: Registering auth service with auth controller
INFO [2024-03-27T19:15:29.184Z]: Calculating navigation
INFO [2024-03-27T19:15:29.239Z]: Navigation
INFO [2024-03-27T19:15:29.239Z]: {"page":"/initialize/project"}
INFO [2024-03-27T19:15:29.239Z]: Fully initialized!
INFO [2024-03-27T19:15:29.241Z]: extension_initialized
INFO [2024-03-27T19:15:29.241Z]: {"timeToInit":13695}
INFO [2024-03-27T19:15:29.316Z]: Reading ALL files